<?xml version="1.0" encoding="UTF-8"?>
<!-- Generated by org.testng.reporters.JUnitReportReporter -->
<testsuite hostname="MANOHAR" failures="0" tests="4" name="api.test.UserTest" time="8.941" errors="0" timestamp="2024-07-10T16:43:33 IST" skipped="0">
  <testcase classname="api.test.UserTest" name="testPostUser" time="4.083"/>
  <system-out/>
  <testcase classname="api.test.UserTest" name="testGetUserByName" time="1.216"/>
  <system-out/>
  <testcase classname="api.test.UserTest" name="testUpdateUserByName" time="2.544"/>
  <system-out/>
  <testcase classname="api.test.UserTest" name="testDeleteUser" time="1.098"/>
  <system-out/>
</testsuite> <!-- api.test.UserTest -->
