<?xml version="1.0" encoding="UTF-8"?>
<!-- Generated by org.testng.reporters.JUnitReportReporter -->
<testsuite hostname="MANOHAR" failures="0" tests="4" name="api.test.UserTest" time="7.612" errors="0" timestamp="2024-07-11T18:12:50 IST" skipped="0">
  <testcase classname="api.test.UserTest" name="testPostUser" time="2.882"/>
  <system-out/>
  <testcase classname="api.test.UserTest" name="testGetUserByName" time="1.188"/>
  <system-out/>
  <testcase classname="api.test.UserTest" name="testUpdateUserByName" time="2.451"/>
  <system-out/>
  <testcase classname="api.test.UserTest" name="testDeleteUser" time="1.091"/>
  <system-out/>
</testsuite> <!-- api.test.UserTest -->
