<?xml version="1.0" encoding="UTF-8"?>
<!-- Generated by org.testng.reporters.JUnitReportReporter -->
<testsuite hostname="MANOHAR" failures="0" tests="6" name="api.test.DDTest" time="9.393" errors="0" timestamp="2024-07-10T16:15:27 IST" skipped="0">
  <testcase classname="api.test.DDTest" name="testPostUser" time="1.234"/>
  <system-out/>
  <testcase classname="api.test.DDTest" name="testPostUser" time="1.394"/>
  <system-out/>
  <testcase classname="api.test.DDTest" name="testPostUser" time="3.192"/>
  <system-out/>
  <testcase classname="api.test.DDTest" name="testDeleteUserByName" time="1.201"/>
  <system-out/>
  <testcase classname="api.test.DDTest" name="testDeleteUserByName" time="1.222"/>
  <system-out/>
  <testcase classname="api.test.DDTest" name="testDeleteUserByName" time="1.150"/>
  <system-out/>
</testsuite> <!-- api.test.DDTest -->
