<?xml version="1.0" encoding="UTF-8"?>
<!-- Generated by org.testng.reporters.JUnitReportReporter -->
<testsuite hostname="MANOHAR" failures="0" tests="4" name="api.test.UserTest2" time="10.332" errors="0" timestamp="2024-07-11T15:49:11 IST" skipped="0">
  <testcase classname="api.test.UserTest2" name="testPostUser" time="4.880"/>
  <system-out/>
  <testcase classname="api.test.UserTest2" name="testGetUserByName" time="1.275"/>
  <system-out/>
  <testcase classname="api.test.UserTest2" name="testUpdateUserByName" time="2.533"/>
  <system-out/>
  <testcase classname="api.test.UserTest2" name="testDeleteUser" time="1.644"/>
  <system-out/>
</testsuite> <!-- api.test.UserTest2 -->
