<?xml version="1.0" encoding="UTF-8"?>
<!-- Generated by org.testng.reporters.JUnitReportReporter -->
<testsuite hostname="MANOHAR" failures="0" tests="4" name="api.test.UserTest" time="7.840" errors="0" timestamp="2024-07-11T17:59:42 IST" skipped="0">
  <testcase classname="api.test.UserTest" name="testPostUser" time="3.145"/>
  <system-out/>
  <testcase classname="api.test.UserTest" name="testGetUserByName" time="1.194"/>
  <system-out/>
  <testcase classname="api.test.UserTest" name="testUpdateUserByName" time="2.352"/>
  <system-out/>
  <testcase classname="api.test.UserTest" name="testDeleteUser" time="1.149"/>
  <system-out/>
</testsuite> <!-- api.test.UserTest -->
