<?xml version="1.0" encoding="UTF-8"?>
<!-- Generated by org.testng.reporters.JUnitReportReporter -->
<testsuite hostname="MANOHAR" failures="0" tests="4" name="api.test.UserTest2" time="9.330" errors="0" timestamp="2024-07-11T17:16:19 IST" skipped="0">
  <testcase classname="api.test.UserTest2" name="testPostUser" time="3.819"/>
  <system-out/>
  <testcase classname="api.test.UserTest2" name="testGetUserByName" time="1.445"/>
  <system-out/>
  <testcase classname="api.test.UserTest2" name="testUpdateUserByName" time="2.743"/>
  <system-out/>
  <testcase classname="api.test.UserTest2" name="testDeleteUser" time="1.323"/>
  <system-out/>
</testsuite> <!-- api.test.UserTest2 -->
