<?xml version="1.0" encoding="UTF-8"?>
<!-- Generated by org.testng.reporters.JUnitReportReporter -->
<testsuite hostname="MANOHAR" failures="0" tests="4" name="api.test.UserTest2" time="10.611" errors="0" timestamp="2024-07-11T16:10:11 IST" skipped="0">
  <testcase classname="api.test.UserTest2" name="testPostUser" time="4.773"/>
  <system-out/>
  <testcase classname="api.test.UserTest2" name="testGetUserByName" time="1.871"/>
  <system-out/>
  <testcase classname="api.test.UserTest2" name="testUpdateUserByName" time="2.781"/>
  <system-out/>
  <testcase classname="api.test.UserTest2" name="testDeleteUser" time="1.186"/>
  <system-out/>
</testsuite> <!-- api.test.UserTest2 -->
