<?xml version="1.0" encoding="UTF-8"?>
<!-- Generated by org.testng.reporters.JUnitReportReporter -->
<testsuite hostname="MANOHAR" failures="0" tests="4" name="api.test.UserTest" time="7.910" errors="0" timestamp="2024-07-11T18:28:51 IST" skipped="0">
  <testcase classname="api.test.UserTest" name="testPostUser" time="3.214"/>
  <system-out/>
  <testcase classname="api.test.UserTest" name="testGetUserByName" time="1.159"/>
  <system-out/>
  <testcase classname="api.test.UserTest" name="testUpdateUserByName" time="2.300"/>
  <system-out/>
  <testcase classname="api.test.UserTest" name="testDeleteUser" time="1.237"/>
  <system-out/>
</testsuite> <!-- api.test.UserTest -->
