<?xml version="1.0" encoding="UTF-8"?>
<!-- Generated by org.testng.reporters.JUnitReportReporter -->
<testsuite hostname="MANOHAR" failures="0" tests="6" name="api.test.DDTest" time="12.312" errors="0" timestamp="2024-07-11T15:59:43 IST" skipped="0">
  <testcase classname="api.test.DDTest" name="testPostUser" time="1.225"/>
  <system-out/>
  <testcase classname="api.test.DDTest" name="testPostUser" time="1.309"/>
  <system-out/>
  <testcase classname="api.test.DDTest" name="testPostUser" time="5.995"/>
  <system-out/>
  <testcase classname="api.test.DDTest" name="testDeleteUserByName" time="1.227"/>
  <system-out/>
  <testcase classname="api.test.DDTest" name="testDeleteUserByName" time="1.289"/>
  <system-out/>
  <testcase classname="api.test.DDTest" name="testDeleteUserByName" time="1.267"/>
  <system-out/>
</testsuite> <!-- api.test.DDTest -->
