<?xml version="1.0" encoding="UTF-8"?>
<!-- Generated by org.testng.reporters.JUnitReportReporter -->
<testsuite hostname="MANOHAR" failures="0" tests="4" name="api.test.UserTest" time="6.521" errors="0" timestamp="2024-07-11T15:59:43 IST" skipped="0">
  <testcase classname="api.test.UserTest" name="testPostUser" time="1.334"/>
  <system-out/>
  <testcase classname="api.test.UserTest" name="testGetUserByName" time="1.304"/>
  <system-out/>
  <testcase classname="api.test.UserTest" name="testUpdateUserByName" time="2.572"/>
  <system-out/>
  <testcase classname="api.test.UserTest" name="testDeleteUser" time="1.311"/>
  <system-out/>
</testsuite> <!-- api.test.UserTest -->
